<?xml version="1.0" encoding="UTF-8"?>
<testsuite xmlns:xsi="http://www.w3.org/2001/XMLSchema-instance" xsi:noNamespaceSchemaLocation="https://maven.apache.org/surefire/maven-surefire-plugin/xsd/surefire-test-report-3.0.xsd" version="3.0" name="math.BasicTest" time="0.052" tests="1" errors="0" skipped="0" failures="0">
  <properties>
[...]
</properties>
  <testcase name="mathProcessor_complexCalculations" classname="math.BasicTest" time="0.013">
    <system-out><![CDATA[Starting complex test 1
Applying operation 1 of 3 to number 5.000000
Applying operation 2 of 3 to number 10.000000
Applying operation 3 of 3 to number 0.000000
Starting complex test 2
Applying operation 1 of 3 to number 100.000000
Applying operation 2 of 3 to number 20.000000
Applying operation 3 of 3 to number -80.000000
]]></system-out>
  </testcase>
</testsuite>